<?xml version="1.0" encoding="UTF-8"?>
<!-- Generated by org.testng.reporters.JUnitReportReporter -->
<testsuite hostname="DESKTOP-NE5DNC7" failures="0" tests="1" name="TestRunner.RunnerTest" time="21.291" errors="0" timestamp="2023-08-03T23:59:11 IST" skipped="0">
  <testcase classname="TestRunner.RunnerTest" name="runScenario" time="21.291"/>
  <system-out/>
</testsuite> <!-- TestRunner.RunnerTest -->
